Running via Spring preloader in process 3761
Running via Spring preloader in process 3775
Running via Spring preloader in process 3789
Running via Spring preloader in process 3803
Running via Spring preloader in process 3817
Running via Spring preloader in process 3832
Running via Spring preloader in process 3846
Running via Spring preloader in process 3860
Running via Spring preloader in process 3874
Running via Spring preloader in process 3888
Running via Spring preloader in process 3902
Running via Spring preloader in process 3917
Running via Spring preloader in process 3931
Running via Spring preloader in process 3945
Running via Spring preloader in process 3959
Running via Spring preloader in process 3973
Running via Spring preloader in process 3988
Running via Spring preloader in process 4002
Running via Spring preloader in process 4016
Running via Spring preloader in process 4030
Running via Spring preloader in process 4044
Running via Spring preloader in process 4058
Running via Spring preloader in process 4073
Running via Spring preloader in process 4087
Running via Spring preloader in process 4101
Running via Spring preloader in process 4115
Running via Spring preloader in process 4129
Running via Spring preloader in process 4144
Running via Spring preloader in process 4158
Running via Spring preloader in process 4172
Running via Spring preloader in process 4189
Running via Spring preloader in process 4203
Running via Spring preloader in process 4217
Running via Spring preloader in process 4232
Running via Spring preloader in process 4246
Running via Spring preloader in process 4260
Running via Spring preloader in process 4274
Running via Spring preloader in process 4288
Running via Spring preloader in process 4302
Running via Spring preloader in process 4317
Running via Spring preloader in process 4331
Running via Spring preloader in process 4345
Running via Spring preloader in process 4359
Running via Spring preloader in process 4373
Running via Spring preloader in process 4388
Running via Spring preloader in process 4402
Running via Spring preloader in process 4416
Running via Spring preloader in process 4430
Running via Spring preloader in process 4444
Running via Spring preloader in process 4458
Running via Spring preloader in process 4473
Running via Spring preloader in process 4487
Running via Spring preloader in process 4501
Running via Spring preloader in process 4515
Running via Spring preloader in process 4529
Running via Spring preloader in process 4544
Running via Spring preloader in process 4558
Running via Spring preloader in process 4572
Running via Spring preloader in process 4586
Running via Spring preloader in process 4622
Running via Spring preloader in process 4636
Running via Spring preloader in process 4670
Running via Spring preloader in process 4704
Running via Spring preloader in process 4738
Running via Spring preloader in process 4752
Running via Spring preloader in process 4767
Running via Spring preloader in process 4801
Running via Spring preloader in process 4835
Running via Spring preloader in process 4896
Running via Spring preloader in process 4930
Running via Spring preloader in process 4945
Running via Spring preloader in process 4959
Running via Spring preloader in process 4973
Running via Spring preloader in process 4987
Running via Spring preloader in process 5001
Running via Spring preloader in process 5015
Running via Spring preloader in process 5030
Running via Spring preloader in process 5044
Running via Spring preloader in process 5058
Running via Spring preloader in process 5072
Running via Spring preloader in process 5086
Running via Spring preloader in process 5101
Running via Spring preloader in process 5115
Running via Spring preloader in process 5129
Running via Spring preloader in process 5143
Running via Spring preloader in process 5157
Running via Spring preloader in process 5171
Running via Spring preloader in process 5186
Running via Spring preloader in process 5200
Running via Spring preloader in process 5214
Running via Spring preloader in process 5231
Running via Spring preloader in process 5245
Running via Spring preloader in process 5260
Running via Spring preloader in process 5274
Running via Spring preloader in process 5288
Running via Spring preloader in process 5302
Running via Spring preloader in process 5316
Running via Spring preloader in process 5330
Running via Spring preloader in process 5345
Running via Spring preloader in process 5359
Running via Spring preloader in process 5373
Running via Spring preloader in process 5387
Running via Spring preloader in process 5401
Running via Spring preloader in process 5416
Running via Spring preloader in process 5430
Running via Spring preloader in process 5444
Running via Spring preloader in process 5458
Running via Spring preloader in process 5472
Running via Spring preloader in process 5486
Running via Spring preloader in process 5522
Running via Spring preloader in process 5556
Running via Spring preloader in process 5590
Running via Spring preloader in process 5604
Running via Spring preloader in process 5618
Running via Spring preloader in process 5633
Running via Spring preloader in process 5647
Running via Spring preloader in process 5661
Running via Spring preloader in process 5675
Running via Spring preloader in process 5689
Running via Spring preloader in process 5704
Running via Spring preloader in process 5718
Running via Spring preloader in process 5732
Running via Spring preloader in process 5746
Running via Spring preloader in process 5760
Running via Spring preloader in process 5774
Running via Spring preloader in process 5789
Running via Spring preloader in process 5803
Running via Spring preloader in process 5817
Running via Spring preloader in process 5831
Running via Spring preloader in process 5845
Running via Spring preloader in process 5860
Running via Spring preloader in process 5874
Running via Spring preloader in process 5888
Running via Spring preloader in process 5902
Running via Spring preloader in process 5916
Running via Spring preloader in process 5930
Running via Spring preloader in process 5945
Running via Spring preloader in process 5959
Running via Spring preloader in process 5973
Running via Spring preloader in process 5987
Running via Spring preloader in process 6001
Running via Spring preloader in process 6016
Running via Spring preloader in process 6030
Running via Spring preloader in process 6044
Running via Spring preloader in process 6058
Running via Spring preloader in process 6072
Running via Spring preloader in process 6087
Running via Spring preloader in process 6101
Running via Spring preloader in process 6115
Running via Spring preloader in process 6129
Running via Spring preloader in process 6146
Running via Spring preloader in process 6161
Running via Spring preloader in process 6175
Running via Spring preloader in process 6189
Running via Spring preloader in process 6203
Running via Spring preloader in process 6217
Running via Spring preloader in process 6231
Running via Spring preloader in process 6246
Running via Spring preloader in process 6260
Running via Spring preloader in process 6274
Running via Spring preloader in process 6288
Running via Spring preloader in process 6302
Running via Spring preloader in process 6317
Running via Spring preloader in process 6331
Running via Spring preloader in process 6345
Running via Spring preloader in process 6359
Running via Spring preloader in process 6373
Running via Spring preloader in process 6387
Running via Spring preloader in process 6402
Running via Spring preloader in process 6416
Running via Spring preloader in process 6430
Running via Spring preloader in process 6444
Running via Spring preloader in process 6458
Running via Spring preloader in process 6473
Running via Spring preloader in process 6487
Running via Spring preloader in process 6501
Running via Spring preloader in process 6515
Running via Spring preloader in process 6529
Running via Spring preloader in process 6544
Running via Spring preloader in process 6558
Running via Spring preloader in process 6572
Running via Spring preloader in process 6586
Running via Spring preloader in process 6600
Running via Spring preloader in process 6615
Running via Spring preloader in process 6629
Running via Spring preloader in process 6643
Running via Spring preloader in process 6657
Running via Spring preloader in process 6671
Running via Spring preloader in process 6686
Running via Spring preloader in process 6700
Running via Spring preloader in process 6714
Running via Spring preloader in process 6728
Running via Spring preloader in process 6742
Running via Spring preloader in process 6757
Running via Spring preloader in process 6771
Running via Spring preloader in process 6785
Running via Spring preloader in process 6799
Running via Spring preloader in process 6813
Running via Spring preloader in process 6828
Running via Spring preloader in process 6842
Running via Spring preloader in process 6856
Running via Spring preloader in process 6870
Running via Spring preloader in process 6884
Running via Spring preloader in process 6898
Running via Spring preloader in process 6913
Running via Spring preloader in process 6927
Running via Spring preloader in process 6941
Running via Spring preloader in process 6955
Running via Spring preloader in process 6969
Running via Spring preloader in process 6984
Running via Spring preloader in process 7001
Running via Spring preloader in process 7015
Running via Spring preloader in process 7029
Running via Spring preloader in process 7043
Running via Spring preloader in process 7058
Running via Spring preloader in process 7072
Running via Spring preloader in process 7086
Running via Spring preloader in process 7100
Running via Spring preloader in process 7114
Running via Spring preloader in process 7128
Running via Spring preloader in process 7143
Running via Spring preloader in process 7157
Running via Spring preloader in process 7171
Running via Spring preloader in process 7185
Running via Spring preloader in process 7199
Running via Spring preloader in process 7214
Running via Spring preloader in process 7228
Running via Spring preloader in process 7242
Running via Spring preloader in process 7256
Running via Spring preloader in process 7270
Running via Spring preloader in process 7285
Running via Spring preloader in process 7299
Running via Spring preloader in process 7313
Running via Spring preloader in process 7327
Running via Spring preloader in process 7341
Running via Spring preloader in process 7356
Running via Spring preloader in process 7370
Running via Spring preloader in process 7384
Running via Spring preloader in process 7398
Running via Spring preloader in process 7412
Running via Spring preloader in process 7426
Running via Spring preloader in process 7441
Running via Spring preloader in process 7455
Running via Spring preloader in process 7470
Running via Spring preloader in process 7507
Running via Spring preloader in process 7521
Running via Spring preloader in process 7536
/var/lib/gems/2.5.0/gems/spring-2.0.2/lib/spring/application.rb:171:in `fork': Cannot allocate memory - fork(2) (Errno::ENOMEM)
	from /var/lib/gems/2.5.0/gems/spring-2.0.2/lib/spring/application.rb:171:in `serve'
	from /var/lib/gems/2.5.0/gems/spring-2.0.2/lib/spring/application.rb:141:in `block in run'
	from /var/lib/gems/2.5.0/gems/spring-2.0.2/lib/spring/application.rb:135:in `loop'
	from /var/lib/gems/2.5.0/gems/spring-2.0.2/lib/spring/application.rb:135:in `run'
	from /var/lib/gems/2.5.0/gems/spring-2.0.2/lib/spring/application/boot.rb:19:in `<top (required)>'
	from /usr/lib/ruby/2.5.0/rubygems/core_ext/kernel_require.rb:59:in `require'
	from /usr/lib/ruby/2.5.0/rubygems/core_ext/kernel_require.rb:59:in `require'
	from -e:1:in `<main>'
Running via Spring preloader in process 7620
Running via Spring preloader in process 7634
Running via Spring preloader in process 7648
Running via Spring preloader in process 7683
/var/lib/gems/2.5.0/gems/spring-2.0.2/lib/spring/application.rb:171:in `fork': Cannot allocate memory - fork(2) (Errno::ENOMEM)
	from /var/lib/gems/2.5.0/gems/spring-2.0.2/lib/spring/application.rb:171:in `serve'
	from /var/lib/gems/2.5.0/gems/spring-2.0.2/lib/spring/application.rb:141:in `block in run'
	from /var/lib/gems/2.5.0/gems/spring-2.0.2/lib/spring/application.rb:135:in `loop'
	from /var/lib/gems/2.5.0/gems/spring-2.0.2/lib/spring/application.rb:135:in `run'
	from /var/lib/gems/2.5.0/gems/spring-2.0.2/lib/spring/application/boot.rb:19:in `<top (required)>'
	from /usr/lib/ruby/2.5.0/rubygems/core_ext/kernel_require.rb:59:in `require'
	from /usr/lib/ruby/2.5.0/rubygems/core_ext/kernel_require.rb:59:in `require'
	from -e:1:in `<main>'
/var/lib/gems/2.5.0/gems/spring-2.0.2/lib/spring/application.rb:171:in `fork': Cannot allocate memory - fork(2) (Errno::ENOMEM)
	from /var/lib/gems/2.5.0/gems/spring-2.0.2/lib/spring/application.rb:171:in `serve'
	from /var/lib/gems/2.5.0/gems/spring-2.0.2/lib/spring/application.rb:141:in `block in run'
	from /var/lib/gems/2.5.0/gems/spring-2.0.2/lib/spring/application.rb:135:in `loop'
	from /var/lib/gems/2.5.0/gems/spring-2.0.2/lib/spring/application.rb:135:in `run'
	from /var/lib/gems/2.5.0/gems/spring-2.0.2/lib/spring/application/boot.rb:19:in `<top (required)>'
	from /usr/lib/ruby/2.5.0/rubygems/core_ext/kernel_require.rb:59:in `require'
	from /usr/lib/ruby/2.5.0/rubygems/core_ext/kernel_require.rb:59:in `require'
	from -e:1:in `<main>'
/var/lib/gems/2.5.0/gems/spring-2.0.2/lib/spring/application.rb:171:in `fork': Cannot allocate memory - fork(2) (Errno::ENOMEM)
	from /var/lib/gems/2.5.0/gems/spring-2.0.2/lib/spring/application.rb:171:in `serve'
	from /var/lib/gems/2.5.0/gems/spring-2.0.2/lib/spring/application.rb:141:in `block in run'
	from /var/lib/gems/2.5.0/gems/spring-2.0.2/lib/spring/application.rb:135:in `loop'
	from /var/lib/gems/2.5.0/gems/spring-2.0.2/lib/spring/application.rb:135:in `run'
	from /var/lib/gems/2.5.0/gems/spring-2.0.2/lib/spring/application/boot.rb:19:in `<top (required)>'
	from /usr/lib/ruby/2.5.0/rubygems/core_ext/kernel_require.rb:59:in `require'
	from /usr/lib/ruby/2.5.0/rubygems/core_ext/kernel_require.rb:59:in `require'
	from -e:1:in `<main>'
/var/lib/gems/2.5.0/gems/spring-2.0.2/lib/spring/application.rb:171:in `fork': Cannot allocate memory - fork(2) (Errno::ENOMEM)
	from /var/lib/gems/2.5.0/gems/spring-2.0.2/lib/spring/application.rb:171:in `serve'
	from /var/lib/gems/2.5.0/gems/spring-2.0.2/lib/spring/application.rb:141:in `block in run'
	from /var/lib/gems/2.5.0/gems/spring-2.0.2/lib/spring/application.rb:135:in `loop'
	from /var/lib/gems/2.5.0/gems/spring-2.0.2/lib/spring/application.rb:135:in `run'
	from /var/lib/gems/2.5.0/gems/spring-2.0.2/lib/spring/application/boot.rb:19:in `<top (required)>'
	from /usr/lib/ruby/2.5.0/rubygems/core_ext/kernel_require.rb:59:in `require'
	from /usr/lib/ruby/2.5.0/rubygems/core_ext/kernel_require.rb:59:in `require'
	from -e:1:in `<main>'
/var/lib/gems/2.5.0/gems/spring-2.0.2/lib/spring/application.rb:171:in `fork': Cannot allocate memory - fork(2) (Errno::ENOMEM)
	from /var/lib/gems/2.5.0/gems/spring-2.0.2/lib/spring/application.rb:171:in `serve'
	from /var/lib/gems/2.5.0/gems/spring-2.0.2/lib/spring/application.rb:141:in `block in run'
	from /var/lib/gems/2.5.0/gems/spring-2.0.2/lib/spring/application.rb:135:in `loop'
	from /var/lib/gems/2.5.0/gems/spring-2.0.2/lib/spring/application.rb:135:in `run'
	from /var/lib/gems/2.5.0/gems/spring-2.0.2/lib/spring/application/boot.rb:19:in `<top (required)>'
	from /usr/lib/ruby/2.5.0/rubygems/core_ext/kernel_require.rb:59:in `require'
	from /usr/lib/ruby/2.5.0/rubygems/core_ext/kernel_require.rb:59:in `require'
	from -e:1:in `<main>'
/var/lib/gems/2.5.0/gems/spring-2.0.2/lib/spring/application.rb:171:in `fork': Cannot allocate memory - fork(2) (Errno::ENOMEM)
	from /var/lib/gems/2.5.0/gems/spring-2.0.2/lib/spring/application.rb:171:in `serve'
	from /var/lib/gems/2.5.0/gems/spring-2.0.2/lib/spring/application.rb:141:in `block in run'
	from /var/lib/gems/2.5.0/gems/spring-2.0.2/lib/spring/application.rb:135:in `loop'
	from /var/lib/gems/2.5.0/gems/spring-2.0.2/lib/spring/application.rb:135:in `run'
	from /var/lib/gems/2.5.0/gems/spring-2.0.2/lib/spring/application/boot.rb:19:in `<top (required)>'
	from /usr/lib/ruby/2.5.0/rubygems/core_ext/kernel_require.rb:59:in `require'
	from /usr/lib/ruby/2.5.0/rubygems/core_ext/kernel_require.rb:59:in `require'
	from -e:1:in `<main>'
Running via Spring preloader in process 7836
Running via Spring preloader in process 7850
Running via Spring preloader in process 7864
Running via Spring preloader in process 7880
Running via Spring preloader in process 7894
Running via Spring preloader in process 7908
Running via Spring preloader in process 7922
Running via Spring preloader in process 7936
Running via Spring preloader in process 7950
Running via Spring preloader in process 7965
Running via Spring preloader in process 7979
Running via Spring preloader in process 7993
Running via Spring preloader in process 8007
Running via Spring preloader in process 8021
Running via Spring preloader in process 8036
Running via Spring preloader in process 8050
Running via Spring preloader in process 8064
Running via Spring preloader in process 8078
Running via Spring preloader in process 8092
Running via Spring preloader in process 8107
Running via Spring preloader in process 8121
Running via Spring preloader in process 8135
Running via Spring preloader in process 8149
Running via Spring preloader in process 8163
Running via Spring preloader in process 8178
Running via Spring preloader in process 8319
Running via Spring preloader in process 8339
Running via Spring preloader in process 8353
Running via Spring preloader in process 8382
Running via Spring preloader in process 8405
Running via Spring preloader in process 8465
